<?xml version="1.0" encoding="UTF-8"?>
<!-- Generated by org.testng.reporters.JUnitReportReporter -->
<testsuite hostname="GOT500VI75512" name="com.volvo.mfg.test.TestAssignmentDelivery" tests="1" failures="0" timestamp="15 Nov 2018 07:26:56 GMT" time="128.545" errors="0">
  <testcase name="FunctionalityofDeliveringUseMoveButtonFalse" time="128.545" classname="com.volvo.mfg.test.TestAssignmentDelivery"/>
</testsuite> <!-- com.volvo.mfg.test.TestAssignmentDelivery -->
