<?xml version="1.0" encoding="UTF-8"?>
<!-- Generated by org.testng.reporters.JUnitReportReporter -->
<testsuite skipped="0" hostname="GOT500VI73546" name="com.volvo.ncl.test.TestDealerHome" tests="1" failures="0" timestamp="23 Jun 2018 19:05:36 GMT" time="32.152" errors="0">
  <testcase name="DealerSelection" time="32.152" classname="com.volvo.ncl.test.TestDealerHome"/>
</testsuite> <!-- com.volvo.ncl.test.TestDealerHome -->
