<?xml version="1.0" encoding="UTF-8"?>
<!-- Generated by org.testng.reporters.JUnitReportReporter -->
<testsuite hostname="GOT500VI75512" name="com.volvo.mfg.test.TestLoginPages" tests="1" failures="0" timestamp="16 Nov 2018 07:24:38 GMT" time="16.527" errors="0">
  <testcase name="FLFLogin" time="16.527" classname="com.volvo.mfg.test.TestLoginPages"/>
</testsuite> <!-- com.volvo.mfg.test.TestLoginPages -->
